<?xml version="1.0" encoding="UTF-8"?>
<!-- Generated by org.testng.reporters.JUnitXMLReporter -->
<testsuite ignored="0" hostname="CDC2-L-01348KL" failures="0" tests="9" name="Different testng Feature Test" time="123.533" errors="0" timestamp="2021-02-12T17:41:54 IST">
  <testcase classname="testCode.AmazonApp_Test" name="amazonLogoTest" time="0.201"/>
  <testcase classname="testCode.AmazonApp_Test" name="titleTest" time="0.093"/>
  <testcase classname="testCode.AmazonApp_Test" name="testAddress" time="0.276"/>
  <testcase classname="testCode.AmazonApp_Test" name="sampleTest" time="0.002"/>
  <testcase classname="testCode.AmazonApp_Test" name="sampleTest" time="0.002"/>
  <testcase classname="testCode.AmazonApp_Test" name="sampleTest" time="0.002"/>
  <testcase classname="testCode.AmazonApp_Test" name="sampleTest" time="0.002"/>
  <testcase classname="testCode.FlipkartApp_Test" name="logoTest" time="0.089"/>
  <testcase classname="testCode.FlipkartApp_Test" name="getTitle" time="0.013"/>
</testsuite> <!-- Different testng Feature Test -->
