<?xml version="1.0" encoding="UTF-8"?>
<!-- Generated by org.testng.reporters.JUnitXMLReporter -->
<testsuite ignored="0" hostname="CDC2-L-01348KL" failures="0" tests="9" name="Different testng Feature Test" time="125.614" errors="0" timestamp="2021-02-21T15:01:52 IST">
  <testcase classname="testCode.AmazonApp_Test" name="amazonLogoTest" time="0.842"/>
  <testcase classname="testCode.AmazonApp_Test" name="titleTest" time="0.251"/>
  <testcase classname="testCode.AmazonApp_Test" name="testAddress" time="0.556"/>
  <testcase classname="testCode.AmazonApp_Test" name="sampleTest" time="0.002"/>
  <testcase classname="testCode.AmazonApp_Test" name="sampleTest" time="0.002"/>
  <testcase classname="testCode.AmazonApp_Test" name="sampleTest" time="0.002"/>
  <testcase classname="testCode.AmazonApp_Test" name="sampleTest" time="0.006"/>
  <testcase classname="testCode.FlipkartApp_Test" name="logoTest" time="0.107"/>
  <testcase classname="testCode.FlipkartApp_Test" name="getTitle" time="0.017"/>
</testsuite> <!-- Different testng Feature Test -->
