<?xml version="1.0" encoding="UTF-8"?>
<testng-results ignored="0" total="9" passed="9" failed="0" skipped="0">
  <reporter-output>
  </reporter-output>
  <suite started-at="2021-02-12T18:11:16 IST" name="TestNG Test Application Automation suite" finished-at="2021-02-12T18:13:46 IST" duration-ms="150518">
    <groups>
      <group name="Test">
        <method signature="AmazonApp_Test.amazonLogoTest()[pri:1, instance:testCode.AmazonApp_Test@55f616cf]" name="amazonLogoTest" class="testCode.AmazonApp_Test"/>
        <method signature="AmazonApp_Test.testAddress()[pri:3, instance:testCode.AmazonApp_Test@55f616cf]" name="testAddress" class="testCode.AmazonApp_Test"/>
        <method signature="AmazonApp_Test.titleTest()[pri:2, instance:testCode.AmazonApp_Test@55f616cf]" name="titleTest" class="testCode.AmazonApp_Test"/>
        <method signature="FlipkartApp_Test.getTitle()[pri:2, instance:testCode.FlipkartApp_Test@1356d4d4]" name="getTitle" class="testCode.FlipkartApp_Test"/>
        <method signature="FlipkartApp_Test.logoTest()[pri:1, instance:testCode.FlipkartApp_Test@1356d4d4]" name="logoTest" class="testCode.FlipkartApp_Test"/>
      </group> <!-- Test -->
    </groups>
    <test started-at="2021-02-12T18:11:16 IST" name="Different testng Feature Test" finished-at="2021-02-12T18:13:46 IST" duration-ms="150518">
      <class name="testCode.AmazonApp_Test">
        <test-method is-config="true" signature="setUp()[pri:0, instance:testCode.AmazonApp_Test@55f616cf]" started-at="2021-02-12T18:11:16 IST" name="setUp" finished-at="2021-02-12T18:11:40 IST" duration-ms="23939" status="PASS">
          <reporter-output>
          </reporter-output>
        </test-method> <!-- setUp -->
        <test-method signature="amazonLogoTest()[pri:1, instance:testCode.AmazonApp_Test@55f616cf]" started-at="2021-02-12T18:11:40 IST" name="amazonLogoTest" finished-at="2021-02-12T18:11:40 IST" duration-ms="212" status="PASS">
          <reporter-output>
          </reporter-output>
        </test-method> <!-- amazonLogoTest -->
        <test-method is-config="true" signature="tearDown()[pri:0, instance:testCode.AmazonApp_Test@55f616cf]" started-at="2021-02-12T18:11:40 IST" name="tearDown" finished-at="2021-02-12T18:11:41 IST" duration-ms="1134" status="PASS">
          <reporter-output>
          </reporter-output>
        </test-method> <!-- tearDown -->
        <test-method is-config="true" signature="setUp()[pri:0, instance:testCode.AmazonApp_Test@55f616cf]" started-at="2021-02-12T18:11:41 IST" name="setUp" finished-at="2021-02-12T18:12:12 IST" duration-ms="30285" status="PASS">
          <reporter-output>
          </reporter-output>
        </test-method> <!-- setUp -->
        <test-method signature="titleTest()[pri:2, instance:testCode.AmazonApp_Test@55f616cf]" started-at="2021-02-12T18:12:12 IST" name="titleTest" finished-at="2021-02-12T18:12:12 IST" duration-ms="102" status="PASS">
          <reporter-output>
          </reporter-output>
        </test-method> <!-- titleTest -->
        <test-method is-config="true" signature="tearDown()[pri:0, instance:testCode.AmazonApp_Test@55f616cf]" started-at="2021-02-12T18:12:12 IST" name="tearDown" finished-at="2021-02-12T18:12:13 IST" duration-ms="1016" status="PASS">
          <reporter-output>
          </reporter-output>
        </test-method> <!-- tearDown -->
        <test-method is-config="true" signature="setUp()[pri:0, instance:testCode.AmazonApp_Test@55f616cf]" started-at="2021-02-12T18:12:13 IST" name="setUp" finished-at="2021-02-12T18:12:21 IST" duration-ms="8051" status="PASS">
          <reporter-output>
          </reporter-output>
        </test-method> <!-- setUp -->
        <test-method signature="testAddress()[pri:3, instance:testCode.AmazonApp_Test@55f616cf]" started-at="2021-02-12T18:12:21 IST" name="testAddress" finished-at="2021-02-12T18:12:21 IST" duration-ms="474" status="PASS">
          <reporter-output>
          </reporter-output>
        </test-method> <!-- testAddress -->
        <test-method is-config="true" signature="tearDown()[pri:0, instance:testCode.AmazonApp_Test@55f616cf]" started-at="2021-02-12T18:12:21 IST" name="tearDown" finished-at="2021-02-12T18:12:22 IST" duration-ms="1100" status="PASS">
          <reporter-output>
          </reporter-output>
        </test-method> <!-- tearDown -->
        <test-method is-config="true" signature="setUp()[pri:0, instance:testCode.AmazonApp_Test@55f616cf]" started-at="2021-02-12T18:12:22 IST" name="setUp" finished-at="2021-02-12T18:12:36 IST" duration-ms="13319" status="PASS">
          <reporter-output>
          </reporter-output>
        </test-method> <!-- setUp -->
        <test-method signature="sampleTest()[pri:4, instance:testCode.AmazonApp_Test@55f616cf]" started-at="2021-02-12T18:12:36 IST" name="sampleTest" finished-at="2021-02-12T18:12:36 IST" duration-ms="2" status="PASS">
          <reporter-output>
          </reporter-output>
        </test-method> <!-- sampleTest -->
        <test-method is-config="true" signature="tearDown()[pri:0, instance:testCode.AmazonApp_Test@55f616cf]" started-at="2021-02-12T18:12:36 IST" name="tearDown" finished-at="2021-02-12T18:12:37 IST" duration-ms="1105" status="PASS">
          <reporter-output>
          </reporter-output>
        </test-method> <!-- tearDown -->
        <test-method is-config="true" signature="setUp()[pri:0, instance:testCode.AmazonApp_Test@55f616cf]" started-at="2021-02-12T18:12:37 IST" name="setUp" finished-at="2021-02-12T18:12:49 IST" duration-ms="12612" status="PASS">
          <reporter-output>
          </reporter-output>
        </test-method> <!-- setUp -->
        <test-method signature="sampleTest()[pri:4, instance:testCode.AmazonApp_Test@55f616cf]" started-at="2021-02-12T18:12:49 IST" name="sampleTest" finished-at="2021-02-12T18:12:49 IST" duration-ms="2" status="PASS">
          <reporter-output>
          </reporter-output>
        </test-method> <!-- sampleTest -->
        <test-method is-config="true" signature="tearDown()[pri:0, instance:testCode.AmazonApp_Test@55f616cf]" started-at="2021-02-12T18:12:49 IST" name="tearDown" finished-at="2021-02-12T18:12:51 IST" duration-ms="1356" status="PASS">
          <reporter-output>
          </reporter-output>
        </test-method> <!-- tearDown -->
        <test-method is-config="true" signature="setUp()[pri:0, instance:testCode.AmazonApp_Test@55f616cf]" started-at="2021-02-12T18:12:51 IST" name="setUp" finished-at="2021-02-12T18:13:00 IST" duration-ms="9278" status="PASS">
          <reporter-output>
          </reporter-output>
        </test-method> <!-- setUp -->
        <test-method signature="sampleTest()[pri:4, instance:testCode.AmazonApp_Test@55f616cf]" started-at="2021-02-12T18:13:00 IST" name="sampleTest" finished-at="2021-02-12T18:13:00 IST" duration-ms="2" status="PASS">
          <reporter-output>
          </reporter-output>
        </test-method> <!-- sampleTest -->
        <test-method is-config="true" signature="tearDown()[pri:0, instance:testCode.AmazonApp_Test@55f616cf]" started-at="2021-02-12T18:13:00 IST" name="tearDown" finished-at="2021-02-12T18:13:01 IST" duration-ms="873" status="PASS">
          <reporter-output>
          </reporter-output>
        </test-method> <!-- tearDown -->
        <test-method is-config="true" signature="setUp()[pri:0, instance:testCode.AmazonApp_Test@55f616cf]" started-at="2021-02-12T18:13:01 IST" name="setUp" finished-at="2021-02-12T18:13:11 IST" duration-ms="10214" status="PASS">
          <reporter-output>
          </reporter-output>
        </test-method> <!-- setUp -->
        <test-method signature="sampleTest()[pri:4, instance:testCode.AmazonApp_Test@55f616cf]" started-at="2021-02-12T18:13:11 IST" name="sampleTest" finished-at="2021-02-12T18:13:11 IST" duration-ms="3" status="PASS">
          <reporter-output>
          </reporter-output>
        </test-method> <!-- sampleTest -->
        <test-method is-config="true" signature="tearDown()[pri:0, instance:testCode.AmazonApp_Test@55f616cf]" started-at="2021-02-12T18:13:11 IST" name="tearDown" finished-at="2021-02-12T18:13:12 IST" duration-ms="1132" status="PASS">
          <reporter-output>
          </reporter-output>
        </test-method> <!-- tearDown -->
      </class> <!-- testCode.AmazonApp_Test -->
      <class name="testCode.FlipkartApp_Test">
        <test-method is-config="true" signature="setUp(java.lang.String, java.lang.String)[pri:0, instance:testCode.FlipkartApp_Test@1356d4d4]" started-at="2021-02-12T18:13:12 IST" name="setUp" finished-at="2021-02-12T18:13:22 IST" duration-ms="10191" status="PASS">
          <params>
            <param index="0">
              <value>
                <![CDATA[mohammedsaif5496@gmail.com]]>
              </value>
            </param>
            <param index="1">
              <value>
                <![CDATA[Saif5496@]]>
              </value>
            </param>
          </params>
          <reporter-output>
          </reporter-output>
        </test-method> <!-- setUp -->
        <test-method signature="logoTest()[pri:1, instance:testCode.FlipkartApp_Test@1356d4d4]" started-at="2021-02-12T18:13:22 IST" name="logoTest" finished-at="2021-02-12T18:13:22 IST" duration-ms="74" status="PASS">
          <reporter-output>
          </reporter-output>
        </test-method> <!-- logoTest -->
        <test-method is-config="true" signature="tearDown()[pri:0, instance:testCode.FlipkartApp_Test@1356d4d4]" started-at="2021-02-12T18:13:22 IST" name="tearDown" finished-at="2021-02-12T18:13:29 IST" duration-ms="6046" status="PASS">
          <reporter-output>
          </reporter-output>
        </test-method> <!-- tearDown -->
        <test-method is-config="true" signature="setUp(java.lang.String, java.lang.String)[pri:0, instance:testCode.FlipkartApp_Test@1356d4d4]" started-at="2021-02-12T18:13:29 IST" name="setUp" finished-at="2021-02-12T18:13:40 IST" duration-ms="11736" status="PASS">
          <params>
            <param index="0">
              <value>
                <![CDATA[mohammedsaif5496@gmail.com]]>
              </value>
            </param>
            <param index="1">
              <value>
                <![CDATA[Saif5496@]]>
              </value>
            </param>
          </params>
          <reporter-output>
          </reporter-output>
        </test-method> <!-- setUp -->
        <test-method signature="getTitle()[pri:2, instance:testCode.FlipkartApp_Test@1356d4d4]" started-at="2021-02-12T18:13:40 IST" name="getTitle" finished-at="2021-02-12T18:13:40 IST" duration-ms="13" status="PASS">
          <reporter-output>
          </reporter-output>
        </test-method> <!-- getTitle -->
        <test-method is-config="true" signature="tearDown()[pri:0, instance:testCode.FlipkartApp_Test@1356d4d4]" started-at="2021-02-12T18:13:40 IST" name="tearDown" finished-at="2021-02-12T18:13:46 IST" duration-ms="6125" status="PASS">
          <reporter-output>
          </reporter-output>
        </test-method> <!-- tearDown -->
      </class> <!-- testCode.FlipkartApp_Test -->
    </test> <!-- Different testng Feature Test -->
  </suite> <!-- TestNG Test Application Automation suite -->
</testng-results>
