<?xml version="1.0" encoding="UTF-8"?>
<testng-results ignored="0" total="9" passed="9" failed="0" skipped="0">
  <reporter-output>
  </reporter-output>
  <suite started-at="2021-02-21T14:59:46 IST" name="TestNG Test Application Automation suite" finished-at="2021-02-21T15:01:52 IST" duration-ms="125614">
    <groups>
      <group name="Test">
        <method signature="AmazonApp_Test.amazonLogoTest()[pri:1, instance:testCode.AmazonApp_Test@55f616cf]" name="amazonLogoTest" class="testCode.AmazonApp_Test"/>
        <method signature="AmazonApp_Test.testAddress()[pri:3, instance:testCode.AmazonApp_Test@55f616cf]" name="testAddress" class="testCode.AmazonApp_Test"/>
        <method signature="AmazonApp_Test.titleTest()[pri:2, instance:testCode.AmazonApp_Test@55f616cf]" name="titleTest" class="testCode.AmazonApp_Test"/>
        <method signature="FlipkartApp_Test.getTitle()[pri:2, instance:testCode.FlipkartApp_Test@1356d4d4]" name="getTitle" class="testCode.FlipkartApp_Test"/>
        <method signature="FlipkartApp_Test.logoTest()[pri:1, instance:testCode.FlipkartApp_Test@1356d4d4]" name="logoTest" class="testCode.FlipkartApp_Test"/>
      </group> <!-- Test -->
    </groups>
    <test started-at="2021-02-21T14:59:46 IST" name="Different testng Feature Test" finished-at="2021-02-21T15:01:52 IST" duration-ms="125614">
      <class name="testCode.AmazonApp_Test">
        <test-method is-config="true" signature="setUp()[pri:0, instance:testCode.AmazonApp_Test@55f616cf]" started-at="2021-02-21T14:59:46 IST" name="setUp" finished-at="2021-02-21T14:59:59 IST" duration-ms="12716" status="PASS">
          <reporter-output>
          </reporter-output>
        </test-method> <!-- setUp -->
        <test-method signature="amazonLogoTest()[pri:1, instance:testCode.AmazonApp_Test@55f616cf]" started-at="2021-02-21T14:59:59 IST" name="amazonLogoTest" finished-at="2021-02-21T15:00:00 IST" duration-ms="842" status="PASS">
          <reporter-output>
          </reporter-output>
        </test-method> <!-- amazonLogoTest -->
        <test-method is-config="true" signature="tearDown()[pri:0, instance:testCode.AmazonApp_Test@55f616cf]" started-at="2021-02-21T15:00:00 IST" name="tearDown" finished-at="2021-02-21T15:00:01 IST" duration-ms="1388" status="PASS">
          <reporter-output>
          </reporter-output>
        </test-method> <!-- tearDown -->
        <test-method is-config="true" signature="setUp()[pri:0, instance:testCode.AmazonApp_Test@55f616cf]" started-at="2021-02-21T15:00:01 IST" name="setUp" finished-at="2021-02-21T15:00:14 IST" duration-ms="12903" status="PASS">
          <reporter-output>
          </reporter-output>
        </test-method> <!-- setUp -->
        <test-method signature="titleTest()[pri:2, instance:testCode.AmazonApp_Test@55f616cf]" started-at="2021-02-21T15:00:14 IST" name="titleTest" finished-at="2021-02-21T15:00:15 IST" duration-ms="251" status="PASS">
          <reporter-output>
          </reporter-output>
        </test-method> <!-- titleTest -->
        <test-method is-config="true" signature="tearDown()[pri:0, instance:testCode.AmazonApp_Test@55f616cf]" started-at="2021-02-21T15:00:15 IST" name="tearDown" finished-at="2021-02-21T15:00:16 IST" duration-ms="1417" status="PASS">
          <reporter-output>
          </reporter-output>
        </test-method> <!-- tearDown -->
        <test-method is-config="true" signature="setUp()[pri:0, instance:testCode.AmazonApp_Test@55f616cf]" started-at="2021-02-21T15:00:16 IST" name="setUp" finished-at="2021-02-21T15:00:28 IST" duration-ms="11486" status="PASS">
          <reporter-output>
          </reporter-output>
        </test-method> <!-- setUp -->
        <test-method signature="testAddress()[pri:3, instance:testCode.AmazonApp_Test@55f616cf]" started-at="2021-02-21T15:00:28 IST" name="testAddress" finished-at="2021-02-21T15:00:28 IST" duration-ms="556" status="PASS">
          <reporter-output>
          </reporter-output>
        </test-method> <!-- testAddress -->
        <test-method is-config="true" signature="tearDown()[pri:0, instance:testCode.AmazonApp_Test@55f616cf]" started-at="2021-02-21T15:00:28 IST" name="tearDown" finished-at="2021-02-21T15:00:29 IST" duration-ms="1126" status="PASS">
          <reporter-output>
          </reporter-output>
        </test-method> <!-- tearDown -->
        <test-method is-config="true" signature="setUp()[pri:0, instance:testCode.AmazonApp_Test@55f616cf]" started-at="2021-02-21T15:00:29 IST" name="setUp" finished-at="2021-02-21T15:00:43 IST" duration-ms="13335" status="PASS">
          <reporter-output>
          </reporter-output>
        </test-method> <!-- setUp -->
        <test-method signature="sampleTest()[pri:4, instance:testCode.AmazonApp_Test@55f616cf]" started-at="2021-02-21T15:00:43 IST" name="sampleTest" finished-at="2021-02-21T15:00:43 IST" duration-ms="2" status="PASS">
          <reporter-output>
          </reporter-output>
        </test-method> <!-- sampleTest -->
        <test-method is-config="true" signature="tearDown()[pri:0, instance:testCode.AmazonApp_Test@55f616cf]" started-at="2021-02-21T15:00:43 IST" name="tearDown" finished-at="2021-02-21T15:00:44 IST" duration-ms="1446" status="PASS">
          <reporter-output>
          </reporter-output>
        </test-method> <!-- tearDown -->
        <test-method is-config="true" signature="setUp()[pri:0, instance:testCode.AmazonApp_Test@55f616cf]" started-at="2021-02-21T15:00:44 IST" name="setUp" finished-at="2021-02-21T15:00:52 IST" duration-ms="7889" status="PASS">
          <reporter-output>
          </reporter-output>
        </test-method> <!-- setUp -->
        <test-method signature="sampleTest()[pri:4, instance:testCode.AmazonApp_Test@55f616cf]" started-at="2021-02-21T15:00:52 IST" name="sampleTest" finished-at="2021-02-21T15:00:52 IST" duration-ms="2" status="PASS">
          <reporter-output>
          </reporter-output>
        </test-method> <!-- sampleTest -->
        <test-method is-config="true" signature="tearDown()[pri:0, instance:testCode.AmazonApp_Test@55f616cf]" started-at="2021-02-21T15:00:52 IST" name="tearDown" finished-at="2021-02-21T15:00:53 IST" duration-ms="1016" status="PASS">
          <reporter-output>
          </reporter-output>
        </test-method> <!-- tearDown -->
        <test-method is-config="true" signature="setUp()[pri:0, instance:testCode.AmazonApp_Test@55f616cf]" started-at="2021-02-21T15:00:53 IST" name="setUp" finished-at="2021-02-21T15:01:05 IST" duration-ms="12359" status="PASS">
          <reporter-output>
          </reporter-output>
        </test-method> <!-- setUp -->
        <test-method signature="sampleTest()[pri:4, instance:testCode.AmazonApp_Test@55f616cf]" started-at="2021-02-21T15:01:05 IST" name="sampleTest" finished-at="2021-02-21T15:01:05 IST" duration-ms="2" status="PASS">
          <reporter-output>
          </reporter-output>
        </test-method> <!-- sampleTest -->
        <test-method is-config="true" signature="tearDown()[pri:0, instance:testCode.AmazonApp_Test@55f616cf]" started-at="2021-02-21T15:01:05 IST" name="tearDown" finished-at="2021-02-21T15:01:07 IST" duration-ms="1288" status="PASS">
          <reporter-output>
          </reporter-output>
        </test-method> <!-- tearDown -->
        <test-method is-config="true" signature="setUp()[pri:0, instance:testCode.AmazonApp_Test@55f616cf]" started-at="2021-02-21T15:01:07 IST" name="setUp" finished-at="2021-02-21T15:01:19 IST" duration-ms="12070" status="PASS">
          <reporter-output>
          </reporter-output>
        </test-method> <!-- setUp -->
        <test-method signature="sampleTest()[pri:4, instance:testCode.AmazonApp_Test@55f616cf]" started-at="2021-02-21T15:01:19 IST" name="sampleTest" finished-at="2021-02-21T15:01:19 IST" duration-ms="6" status="PASS">
          <reporter-output>
          </reporter-output>
        </test-method> <!-- sampleTest -->
        <test-method is-config="true" signature="tearDown()[pri:0, instance:testCode.AmazonApp_Test@55f616cf]" started-at="2021-02-21T15:01:19 IST" name="tearDown" finished-at="2021-02-21T15:01:20 IST" duration-ms="1074" status="PASS">
          <reporter-output>
          </reporter-output>
        </test-method> <!-- tearDown -->
      </class> <!-- testCode.AmazonApp_Test -->
      <class name="testCode.FlipkartApp_Test">
        <test-method is-config="true" signature="setUp(java.lang.String, java.lang.String)[pri:0, instance:testCode.FlipkartApp_Test@1356d4d4]" started-at="2021-02-21T15:01:20 IST" name="setUp" finished-at="2021-02-21T15:01:28 IST" duration-ms="8638" status="PASS">
          <params>
            <param index="0">
              <value>
                <![CDATA[mohammedsaif5496@gmail.com]]>
              </value>
            </param>
            <param index="1">
              <value>
                <![CDATA[Saif5496@]]>
              </value>
            </param>
          </params>
          <reporter-output>
          </reporter-output>
        </test-method> <!-- setUp -->
        <test-method signature="logoTest()[pri:1, instance:testCode.FlipkartApp_Test@1356d4d4]" started-at="2021-02-21T15:01:28 IST" name="logoTest" finished-at="2021-02-21T15:01:28 IST" duration-ms="107" status="PASS">
          <reporter-output>
          </reporter-output>
        </test-method> <!-- logoTest -->
        <test-method is-config="true" signature="tearDown()[pri:0, instance:testCode.FlipkartApp_Test@1356d4d4]" started-at="2021-02-21T15:01:28 IST" name="tearDown" finished-at="2021-02-21T15:01:35 IST" duration-ms="6285" status="PASS">
          <reporter-output>
          </reporter-output>
        </test-method> <!-- tearDown -->
        <test-method is-config="true" signature="setUp(java.lang.String, java.lang.String)[pri:0, instance:testCode.FlipkartApp_Test@1356d4d4]" started-at="2021-02-21T15:01:35 IST" name="setUp" finished-at="2021-02-21T15:01:46 IST" duration-ms="11019" status="PASS">
          <params>
            <param index="0">
              <value>
                <![CDATA[mohammedsaif5496@gmail.com]]>
              </value>
            </param>
            <param index="1">
              <value>
                <![CDATA[Saif5496@]]>
              </value>
            </param>
          </params>
          <reporter-output>
          </reporter-output>
        </test-method> <!-- setUp -->
        <test-method signature="getTitle()[pri:2, instance:testCode.FlipkartApp_Test@1356d4d4]" started-at="2021-02-21T15:01:46 IST" name="getTitle" finished-at="2021-02-21T15:01:46 IST" duration-ms="17" status="PASS">
          <reporter-output>
          </reporter-output>
        </test-method> <!-- getTitle -->
        <test-method is-config="true" signature="tearDown()[pri:0, instance:testCode.FlipkartApp_Test@1356d4d4]" started-at="2021-02-21T15:01:46 IST" name="tearDown" finished-at="2021-02-21T15:01:52 IST" duration-ms="6217" status="PASS">
          <reporter-output>
          </reporter-output>
        </test-method> <!-- tearDown -->
      </class> <!-- testCode.FlipkartApp_Test -->
    </test> <!-- Different testng Feature Test -->
  </suite> <!-- TestNG Test Application Automation suite -->
</testng-results>
